This file contains any messages produced by compilers while
running configure, to aid debugging if configure makes a mistake.

It was created by xf86-video-siliconmotion configure 1.6.0, which was
generated by GNU Autoconf 2.61.  Invocation command line was

  $ ../configure --prefix=/usr --mandir=${prefix}/share/man --infodir=${prefix}/share/info --build=mipsel-linux-gnu --disable-static CFLAGS=-Wall -g -O2

## --------- ##
## Platform. ##
## --------- ##

hostname = debian
uname -m = mips64
uname -r = 2.6.27.1
uname -s = Linux
uname -v = #31 Mon May 10 16:18:30 CST 2010

/usr/bin/uname -p = unknown
/bin/uname -X     = unknown

/bin/arch              = unknown
/usr/bin/arch -k       = unknown
/usr/convex/getsysinfo = unknown
/usr/bin/hostinfo      = unknown
/bin/machine           = unknown
/usr/bin/oslevel       = unknown
/bin/universe          = unknown

PATH: /usr/local/sbin
PATH: /usr/local/bin
PATH: /usr/sbin
PATH: /usr/bin
PATH: /sbin
PATH: /bin


## ----------- ##
## Core tests. ##
## ----------- ##

configure:2029: checking for a BSD-compatible install
configure:2085: result: /usr/bin/install -c
configure:2096: checking whether build environment is sane
configure:2139: result: yes
configure:2167: checking for a thread-safe mkdir -p
configure:2206: result: /bin/mkdir -p
configure:2219: checking for gawk
configure:2235: found /usr/bin/gawk
configure:2246: result: gawk
configure:2257: checking whether make sets $(MAKE)
configure:2278: result: yes
configure:2467: checking whether to enable maintainer-specific portions of Makefiles
configure:2476: result: no
configure:2570: checking build system type
configure:2588: result: mipsel-unknown-linux-gnu
configure:2610: checking host system type
configure:2625: result: mipsel-unknown-linux-gnu
configure:2659: checking for style of include used by make
configure:2687: result: GNU
configure:2757: checking for gcc
configure:2773: found /usr/bin/gcc
configure:2784: result: gcc
configure:3022: checking for C compiler version
configure:3029: gcc --version >&5
gcc (Debian 4.3.2-1.1) 4.3.2
Copyright (C) 2008 Free Software Foundation, Inc.
This is free software; see the source for copying conditions.  There is NO
warranty; not even for MERCHANTABILITY or FITNESS FOR A PARTICULAR PURPOSE.

configure:3032: $? = 0
configure:3039: gcc -v >&5
Using built-in specs.
Target: mipsel-linux-gnu
Configured with: ../src/configure -v --with-pkgversion='Debian 4.3.2-1.1' --with-bugurl=file:///usr/share/doc/gcc-4.3/README.Bugs --enable-languages=c,c++,fortran,objc,obj-c++ --prefix=/usr --enable-shared --with-system-zlib --libexecdir=/usr/lib --without-included-gettext --enable-threads=posix --enable-nls --with-gxx-include-dir=/usr/include/c++/4.3 --program-suffix=-4.3 --enable-clocale=gnu --enable-libstdcxx-debug --enable-objc-gc --enable-mpfr --disable-libssp --enable-checking=release --build=mipsel-linux-gnu --host=mipsel-linux-gnu --target=mipsel-linux-gnu
Thread model: posix
gcc version 4.3.2 (Debian 4.3.2-1.1) 
configure:3042: $? = 0
configure:3049: gcc -V >&5
gcc: '-V' option must have argument
configure:3052: $? = 1
configure:3075: checking for C compiler default output file name
configure:3102: gcc -Wall -g -O2   conftest.c  >&5
configure:3105: $? = 0
configure:3143: result: a.out
configure:3160: checking whether the C compiler works
configure:3170: ./a.out
configure:3173: $? = 0
configure:3190: result: yes
configure:3197: checking whether we are cross compiling
configure:3199: result: no
configure:3202: checking for suffix of executables
configure:3209: gcc -o conftest -Wall -g -O2   conftest.c  >&5
configure:3212: $? = 0
configure:3236: result: 
configure:3242: checking for suffix of object files
configure:3268: gcc -c -Wall -g -O2  conftest.c >&5
configure:3271: $? = 0
configure:3294: result: o
configure:3298: checking whether we are using the GNU C compiler
configure:3327: gcc -c -Wall -g -O2  conftest.c >&5
configure:3333: $? = 0
configure:3350: result: yes
configure:3355: checking whether gcc accepts -g
configure:3385: gcc -c -g  conftest.c >&5
configure:3391: $? = 0
configure:3490: result: yes
configure:3507: checking for gcc option to accept ISO C89
configure:3581: gcc  -c -Wall -g -O2  conftest.c >&5
configure:3587: $? = 0
configure:3610: result: none needed
configure:3630: checking dependency style of gcc
configure:3721: result: gcc3
configure:3736: checking for a sed that does not truncate output
configure:3792: result: /bin/sed
configure:3795: checking for grep that handles long lines and -e
configure:3869: result: /bin/grep
configure:3874: checking for egrep
configure:3952: result: /bin/grep -E
configure:3968: checking for ld used by gcc
configure:4035: result: /usr/bin/ld
configure:4044: checking if the linker (/usr/bin/ld) is GNU ld
configure:4059: result: yes
configure:4064: checking for /usr/bin/ld option to reload object files
configure:4071: result: -r
configure:4089: checking for BSD-compatible nm
configure:4138: result: /usr/bin/nm -B
configure:4142: checking whether ln -s works
configure:4146: result: yes
configure:4153: checking how to recognize dependent libraries
configure:4339: result: pass_all
configure:4584: checking how to run the C preprocessor
configure:4624: gcc -E  conftest.c
configure:4630: $? = 0
configure:4661: gcc -E  conftest.c
conftest.c:10:28: error: ac_nonexistent.h: No such file or directory
configure:4667: $? = 1
configure: failed program was:
| /* confdefs.h.  */
| #define PACKAGE_NAME "xf86-video-siliconmotion"
| #define PACKAGE_TARNAME "xf86-video-siliconmotion"
| #define PACKAGE_VERSION "1.6.0"
| #define PACKAGE_STRING "xf86-video-siliconmotion 1.6.0"
| #define PACKAGE_BUGREPORT "https://bugs.freedesktop.org/enter_bug.cgi?product=xorg"
| #define PACKAGE "xf86-video-siliconmotion"
| #define VERSION "1.6.0"
| /* end confdefs.h.  */
| #include <ac_nonexistent.h>
configure:4700: result: gcc -E
configure:4729: gcc -E  conftest.c
configure:4735: $? = 0
configure:4766: gcc -E  conftest.c
conftest.c:10:28: error: ac_nonexistent.h: No such file or directory
configure:4772: $? = 1
configure: failed program was:
| /* confdefs.h.  */
| #define PACKAGE_NAME "xf86-video-siliconmotion"
| #define PACKAGE_TARNAME "xf86-video-siliconmotion"
| #define PACKAGE_VERSION "1.6.0"
| #define PACKAGE_STRING "xf86-video-siliconmotion 1.6.0"
| #define PACKAGE_BUGREPORT "https://bugs.freedesktop.org/enter_bug.cgi?product=xorg"
| #define PACKAGE "xf86-video-siliconmotion"
| #define VERSION "1.6.0"
| /* end confdefs.h.  */
| #include <ac_nonexistent.h>
configure:4810: checking for ANSI C header files
configure:4840: gcc -c -Wall -g -O2  conftest.c >&5
configure:4846: $? = 0
configure:4945: gcc -o conftest -Wall -g -O2   conftest.c  >&5
configure:4948: $? = 0
configure:4954: ./conftest
configure:4957: $? = 0
configure:4974: result: yes
configure:4998: checking for sys/types.h
configure:5019: gcc -c -Wall -g -O2  conftest.c >&5
configure:5025: $? = 0
configure:5041: result: yes
configure:4998: checking for sys/stat.h
configure:5019: gcc -c -Wall -g -O2  conftest.c >&5
configure:5025: $? = 0
configure:5041: result: yes
configure:4998: checking for stdlib.h
configure:5019: gcc -c -Wall -g -O2  conftest.c >&5
configure:5025: $? = 0
configure:5041: result: yes
configure:4998: checking for string.h
configure:5019: gcc -c -Wall -g -O2  conftest.c >&5
configure:5025: $? = 0
configure:5041: result: yes
configure:4998: checking for memory.h
configure:5019: gcc -c -Wall -g -O2  conftest.c >&5
configure:5025: $? = 0
configure:5041: result: yes
configure:4998: checking for strings.h
configure:5019: gcc -c -Wall -g -O2  conftest.c >&5
configure:5025: $? = 0
configure:5041: result: yes
configure:4998: checking for inttypes.h
configure:5019: gcc -c -Wall -g -O2  conftest.c >&5
configure:5025: $? = 0
configure:5041: result: yes
configure:4998: checking for stdint.h
configure:5019: gcc -c -Wall -g -O2  conftest.c >&5
configure:5025: $? = 0
configure:5041: result: yes
configure:4998: checking for unistd.h
configure:5019: gcc -c -Wall -g -O2  conftest.c >&5
configure:5025: $? = 0
configure:5041: result: yes
configure:5068: checking dlfcn.h usability
configure:5085: gcc -c -Wall -g -O2  conftest.c >&5
configure:5091: $? = 0
configure:5105: result: yes
configure:5109: checking dlfcn.h presence
configure:5124: gcc -E  conftest.c
configure:5130: $? = 0
configure:5144: result: yes
configure:5177: checking for dlfcn.h
configure:5185: result: yes
configure:5256: checking for g++
configure:5272: found /usr/bin/g++
configure:5283: result: g++
configure:5314: checking for C++ compiler version
configure:5321: g++ --version >&5
g++ (Debian 4.3.2-1.1) 4.3.2
Copyright (C) 2008 Free Software Foundation, Inc.
This is free software; see the source for copying conditions.  There is NO
warranty; not even for MERCHANTABILITY or FITNESS FOR A PARTICULAR PURPOSE.

configure:5324: $? = 0
configure:5331: g++ -v >&5
Using built-in specs.
Target: mipsel-linux-gnu
Configured with: ../src/configure -v --with-pkgversion='Debian 4.3.2-1.1' --with-bugurl=file:///usr/share/doc/gcc-4.3/README.Bugs --enable-languages=c,c++,fortran,objc,obj-c++ --prefix=/usr --enable-shared --with-system-zlib --libexecdir=/usr/lib --without-included-gettext --enable-threads=posix --enable-nls --with-gxx-include-dir=/usr/include/c++/4.3 --program-suffix=-4.3 --enable-clocale=gnu --enable-libstdcxx-debug --enable-objc-gc --enable-mpfr --disable-libssp --enable-checking=release --build=mipsel-linux-gnu --host=mipsel-linux-gnu --target=mipsel-linux-gnu
Thread model: posix
gcc version 4.3.2 (Debian 4.3.2-1.1) 
configure:5334: $? = 0
configure:5341: g++ -V >&5
g++: '-V' option must have argument
configure:5344: $? = 1
configure:5347: checking whether we are using the GNU C++ compiler
configure:5376: g++ -c -g -O2  conftest.cpp >&5
configure:5382: $? = 0
configure:5399: result: yes
configure:5404: checking whether g++ accepts -g
configure:5434: g++ -c -g  conftest.cpp >&5
configure:5440: $? = 0
configure:5539: result: yes
configure:5564: checking dependency style of g++
configure:5655: result: gcc3
configure:5680: checking how to run the C++ preprocessor
configure:5716: g++ -E  conftest.cpp
configure:5722: $? = 0
configure:5753: g++ -E  conftest.cpp
conftest.cpp:21:28: error: ac_nonexistent.h: No such file or directory
configure:5759: $? = 1
configure: failed program was:
| /* confdefs.h.  */
| #define PACKAGE_NAME "xf86-video-siliconmotion"
| #define PACKAGE_TARNAME "xf86-video-siliconmotion"
| #define PACKAGE_VERSION "1.6.0"
| #define PACKAGE_STRING "xf86-video-siliconmotion 1.6.0"
| #define PACKAGE_BUGREPORT "https://bugs.freedesktop.org/enter_bug.cgi?product=xorg"
| #define PACKAGE "xf86-video-siliconmotion"
| #define VERSION "1.6.0"
| #define STDC_HEADERS 1
| #define HAVE_SYS_TYPES_H 1
| #define HAVE_SYS_STAT_H 1
| #define HAVE_STDLIB_H 1
| #define HAVE_STRING_H 1
| #define HAVE_MEMORY_H 1
| #define HAVE_STRINGS_H 1
| #define HAVE_INTTYPES_H 1
| #define HAVE_STDINT_H 1
| #define HAVE_UNISTD_H 1
| #define HAVE_DLFCN_H 1
| /* end confdefs.h.  */
| #include <ac_nonexistent.h>
configure:5792: result: g++ -E
configure:5821: g++ -E  conftest.cpp
configure:5827: $? = 0
configure:5858: g++ -E  conftest.cpp
conftest.cpp:21:28: error: ac_nonexistent.h: No such file or directory
configure:5864: $? = 1
configure: failed program was:
| /* confdefs.h.  */
| #define PACKAGE_NAME "xf86-video-siliconmotion"
| #define PACKAGE_TARNAME "xf86-video-siliconmotion"
| #define PACKAGE_VERSION "1.6.0"
| #define PACKAGE_STRING "xf86-video-siliconmotion 1.6.0"
| #define PACKAGE_BUGREPORT "https://bugs.freedesktop.org/enter_bug.cgi?product=xorg"
| #define PACKAGE "xf86-video-siliconmotion"
| #define VERSION "1.6.0"
| #define STDC_HEADERS 1
| #define HAVE_SYS_TYPES_H 1
| #define HAVE_SYS_STAT_H 1
| #define HAVE_STDLIB_H 1
| #define HAVE_STRING_H 1
| #define HAVE_MEMORY_H 1
| #define HAVE_STRINGS_H 1
| #define HAVE_INTTYPES_H 1
| #define HAVE_STDINT_H 1
| #define HAVE_UNISTD_H 1
| #define HAVE_DLFCN_H 1
| /* end confdefs.h.  */
| #include <ac_nonexistent.h>
configure:5957: checking for g77
configure:5987: result: no
configure:5957: checking for xlf
configure:5987: result: no
configure:5957: checking for f77
configure:5987: result: no
configure:5957: checking for frt
configure:5987: result: no
configure:5957: checking for pgf77
configure:5987: result: no
configure:5957: checking for cf77
configure:5987: result: no
configure:5957: checking for fort77
configure:5987: result: no
configure:5957: checking for fl32
configure:5987: result: no
configure:5957: checking for af77
configure:5987: result: no
configure:5957: checking for xlf90
configure:5987: result: no
configure:5957: checking for f90
configure:5987: result: no
configure:5957: checking for pgf90
configure:5987: result: no
configure:5957: checking for pghpf
configure:5987: result: no
configure:5957: checking for epcf90
configure:5987: result: no
configure:5957: checking for gfortran
configure:5987: result: no
configure:5957: checking for g95
configure:5987: result: no
configure:5957: checking for xlf95
configure:5987: result: no
configure:5957: checking for f95
configure:5987: result: no
configure:5957: checking for fort
configure:5987: result: no
configure:5957: checking for ifort
configure:5987: result: no
configure:5957: checking for ifc
configure:5987: result: no
configure:5957: checking for efc
configure:5987: result: no
configure:5957: checking for pgf95
configure:5987: result: no
configure:5957: checking for lf95
configure:5987: result: no
configure:5957: checking for ftn
configure:5987: result: no
configure:6014: checking for Fortran 77 compiler version
configure:6021:  --version >&5
../configure: line 6022: --version: command not found
configure:6024: $? = 127
configure:6031:  -v >&5
../configure: line 6032: -v: command not found
configure:6034: $? = 127
configure:6041:  -V >&5
../configure: line 6042: -V: command not found
configure:6044: $? = 127
configure:6052: checking whether we are using the GNU Fortran 77 compiler
configure:6071:  -c -g -O2 conftest.F >&5
../configure: line 6072: -c: command not found
configure:6077: $? = 127
configure: failed program was:
|       program main
| #ifndef __GNUC__
|        choke me
| #endif
| 
|       end
configure:6094: result: no
configure:6100: checking whether  accepts -g
configure:6117:  -c -g conftest.f >&5
../configure: line 6118: -c: command not found
configure:6123: $? = 127
configure: failed program was:
|       program main
| 
|       end
configure:6139: result: no
configure:6168: checking the maximum length of command line arguments
configure:6280: result: 402653181
configure:6292: checking command to parse /usr/bin/nm -B output from gcc object
configure:6397: gcc -c -Wall -g -O2  conftest.c >&5
configure:6400: $? = 0
configure:6404: /usr/bin/nm -B conftest.o \| sed -n -e 's/^.*[ 	]\([ABCDGIRSTW][ABCDGIRSTW]*\)[ 	][ 	]*\([_A-Za-z][_A-Za-z0-9]*\)$/\1 \2 \2/p' \> conftest.nm
configure:6407: $? = 0
configure:6459: gcc -o conftest -Wall -g -O2   conftest.c conftstm.o >&5
configure:6462: $? = 0
configure:6500: result: ok
configure:6504: checking for objdir
configure:6519: result: .libs
configure:6611: checking for ar
configure:6627: found /usr/bin/ar
configure:6638: result: ar
configure:6707: checking for ranlib
configure:6723: found /usr/bin/ranlib
configure:6734: result: ranlib
configure:6803: checking for strip
configure:6819: found /usr/bin/strip
configure:6830: result: strip
configure:7428: checking if gcc supports -fno-rtti -fno-exceptions
configure:7446: gcc -c -Wall -g -O2  -fno-rtti -fno-exceptions conftest.c >&5
cc1: warning: command line option "-fno-rtti" is valid for C++/ObjC++ but not for C
configure:7450: $? = 0
configure:7463: result: no
configure:7478: checking for gcc option to produce PIC
configure:7710: result: -fPIC
configure:7718: checking if gcc PIC flag -fPIC works
configure:7736: gcc -c -Wall -g -O2  -fPIC -DPIC conftest.c >&5
configure:7740: $? = 0
configure:7753: result: yes
configure:7781: checking if gcc static flag -static works
configure:7809: result: yes
configure:7819: checking if gcc supports -c -o file.o
configure:7840: gcc -c -Wall -g -O2  -o out/conftest2.o conftest.c >&5
configure:7844: $? = 0
configure:7866: result: yes
configure:7892: checking whether the gcc linker (/usr/bin/ld) supports shared libraries
configure:8873: result: yes
configure:8894: checking whether -lc should be explicitly linked in
configure:8899: gcc -c -Wall -g -O2  conftest.c >&5
configure:8902: $? = 0
configure:8917: gcc -shared conftest.o  -v -Wl,-soname -Wl,conftest -o conftest 2\>\&1 \| grep  -lc  \>/dev/null 2\>\&1
configure:8920: $? = 0
configure:8932: result: no
configure:8940: checking dynamic linker characteristics
configure:9554: result: GNU/Linux ld.so
configure:9578: checking how to hardcode library paths into programs
configure:9603: result: immediate
configure:9617: checking whether stripping libraries is possible
configure:9622: result: yes
configure:10424: checking if libtool supports shared libraries
configure:10426: result: yes
configure:10429: checking whether to build shared libraries
configure:10450: result: yes
configure:10453: checking whether to build static libraries
configure:10457: result: no
configure:10551: creating libtool
configure:11144: checking for ld used by g++
configure:11211: result: /usr/bin/ld
configure:11220: checking if the linker (/usr/bin/ld) is GNU ld
configure:11235: result: yes
configure:11286: checking whether the g++ linker (/usr/bin/ld) supports shared libraries
configure:12232: result: yes
configure:12249: g++ -c -g -O2  conftest.cpp >&5
configure:12252: $? = 0
configure:12408: checking for g++ option to produce PIC
configure:12692: result: -fPIC
configure:12700: checking if g++ PIC flag -fPIC works
configure:12718: g++ -c -g -O2  -fPIC -DPIC conftest.cpp >&5
configure:12722: $? = 0
configure:12735: result: yes
configure:12763: checking if g++ static flag -static works
configure:12791: result: yes
configure:12801: checking if g++ supports -c -o file.o
configure:12822: g++ -c -g -O2  -o out/conftest2.o conftest.cpp >&5
configure:12826: $? = 0
configure:12848: result: yes
configure:12874: checking whether the g++ linker (/usr/bin/ld) supports shared libraries
configure:12903: result: yes
configure:12970: checking dynamic linker characteristics
configure:13532: result: GNU/Linux ld.so
configure:13556: checking how to hardcode library paths into programs
configure:13581: result: immediate
configure:19876: checking for gcc
configure:19903: result: gcc
configure:20141: checking for C compiler version
configure:20148: gcc --version >&5
gcc (Debian 4.3.2-1.1) 4.3.2
Copyright (C) 2008 Free Software Foundation, Inc.
This is free software; see the source for copying conditions.  There is NO
warranty; not even for MERCHANTABILITY or FITNESS FOR A PARTICULAR PURPOSE.

configure:20151: $? = 0
configure:20158: gcc -v >&5
Using built-in specs.
Target: mipsel-linux-gnu
Configured with: ../src/configure -v --with-pkgversion='Debian 4.3.2-1.1' --with-bugurl=file:///usr/share/doc/gcc-4.3/README.Bugs --enable-languages=c,c++,fortran,objc,obj-c++ --prefix=/usr --enable-shared --with-system-zlib --libexecdir=/usr/lib --without-included-gettext --enable-threads=posix --enable-nls --with-gxx-include-dir=/usr/include/c++/4.3 --program-suffix=-4.3 --enable-clocale=gnu --enable-libstdcxx-debug --enable-objc-gc --enable-mpfr --disable-libssp --enable-checking=release --build=mipsel-linux-gnu --host=mipsel-linux-gnu --target=mipsel-linux-gnu
Thread model: posix
gcc version 4.3.2 (Debian 4.3.2-1.1) 
configure:20161: $? = 0
configure:20168: gcc -V >&5
gcc: '-V' option must have argument
configure:20171: $? = 1
configure:20174: checking whether we are using the GNU C compiler
configure:20226: result: yes
configure:20231: checking whether gcc accepts -g
configure:20366: result: yes
configure:20383: checking for gcc option to accept ISO C89
configure:20486: result: none needed
configure:20506: checking dependency style of gcc
configure:20597: result: gcc3
configure:20655: gcc -c -Wall -g -O2 -I/usr/include/xorg  conftest.c >&5
configure:20661: $? = 0
configure:20676: checking if RANDR is defined
configure:20678: result: yes
configure:20713: gcc -c -Wall -g -O2 -I/usr/include/xorg  conftest.c >&5
configure:20719: $? = 0
configure:20734: checking if RENDER is defined
configure:20736: result: yes
configure:20771: gcc -c -Wall -g -O2 -I/usr/include/xorg  conftest.c >&5
configure:20777: $? = 0
configure:20792: checking if XV is defined
configure:20794: result: yes
configure:20829: gcc -c -Wall -g -O2 -I/usr/include/xorg  conftest.c >&5
configure:20835: $? = 0
configure:20850: checking if DPMSExtension is defined
configure:20852: result: yes
configure:20909: checking for pkg-config
configure:20927: found /usr/bin/pkg-config
configure:20939: result: /usr/bin/pkg-config
configure:20968: checking pkg-config is at least version 0.9.0
configure:20971: result: yes
configure:20982: checking for XORG
configure:20990: $PKG_CONFIG --exists --print-errors "xorg-server >= 1.0.99.901 xproto fontsproto $REQUIRED_MODULES"
configure:20993: $? = 0
configure:21008: $PKG_CONFIG --exists --print-errors "xorg-server >= 1.0.99.901 xproto fontsproto $REQUIRED_MODULES"
configure:21011: $? = 0
configure:21087: result: yes
configure:21096: checking whether XSERVER_LIBPCIACCESS is declared
configure:21126: gcc -c -Wall -g -O2  -I/usr/include/xorg -I/usr/include/pixman-1   conftest.c >&5
conftest.c: In function 'main':
conftest.c:27: error: 'XSERVER_LIBPCIACCESS' undeclared (first use in this function)
conftest.c:27: error: (Each undeclared identifier is reported only once
conftest.c:27: error: for each function it appears in.)
configure:21132: $? = 1
configure: failed program was:
| /* confdefs.h.  */
| #define PACKAGE_NAME "xf86-video-siliconmotion"
| #define PACKAGE_TARNAME "xf86-video-siliconmotion"
| #define PACKAGE_VERSION "1.6.0"
| #define PACKAGE_STRING "xf86-video-siliconmotion 1.6.0"
| #define PACKAGE_BUGREPORT "https://bugs.freedesktop.org/enter_bug.cgi?product=xorg"
| #define PACKAGE "xf86-video-siliconmotion"
| #define VERSION "1.6.0"
| #define STDC_HEADERS 1
| #define HAVE_SYS_TYPES_H 1
| #define HAVE_SYS_STAT_H 1
| #define HAVE_STDLIB_H 1
| #define HAVE_STRING_H 1
| #define HAVE_MEMORY_H 1
| #define HAVE_STRINGS_H 1
| #define HAVE_INTTYPES_H 1
| #define HAVE_STDINT_H 1
| #define HAVE_UNISTD_H 1
| #define HAVE_DLFCN_H 1
| /* end confdefs.h.  */
| #include "xorg-server.h"
| 
| int
| main ()
| {
| #ifndef XSERVER_LIBPCIACCESS
|   (void) XSERVER_LIBPCIACCESS;
| #endif
| 
|   ;
|   return 0;
| }
configure:21147: result: no
configure:21158: checking for ANSI C header files
configure:21322: result: yes
configure:21717: creating ./config.status

## ---------------------- ##
## Running config.status. ##
## ---------------------- ##

This file was extended by xf86-video-siliconmotion config.status 1.6.0, which was
generated by GNU Autoconf 2.61.  Invocation command line was

  CONFIG_FILES    = 
  CONFIG_HEADERS  = 
  CONFIG_LINKS    = 
  CONFIG_COMMANDS = 
  $ ./config.status 

on debian

config.status:690: creating Makefile
config.status:690: creating src/Makefile
config.status:690: creating man/Makefile
config.status:690: creating config.h
config.status:961: executing depfiles commands

## ---------------- ##
## Cache variables. ##
## ---------------- ##

ac_cv_build=mipsel-unknown-linux-gnu
ac_cv_c_compiler_gnu=yes
ac_cv_cxx_compiler_gnu=yes
ac_cv_env_CCC_set=
ac_cv_env_CCC_value=
ac_cv_env_CC_set=
ac_cv_env_CC_value=
ac_cv_env_CFLAGS_set=set
ac_cv_env_CFLAGS_value='-Wall -g -O2'
ac_cv_env_CPPFLAGS_set=set
ac_cv_env_CPPFLAGS_value=
ac_cv_env_CPP_set=
ac_cv_env_CPP_value=
ac_cv_env_CXXCPP_set=
ac_cv_env_CXXCPP_value=
ac_cv_env_CXXFLAGS_set=set
ac_cv_env_CXXFLAGS_value='-g -O2'
ac_cv_env_CXX_set=
ac_cv_env_CXX_value=
ac_cv_env_F77_set=
ac_cv_env_F77_value=
ac_cv_env_FFLAGS_set=set
ac_cv_env_FFLAGS_value='-g -O2'
ac_cv_env_LDFLAGS_set=set
ac_cv_env_LDFLAGS_value=
ac_cv_env_LIBS_set=
ac_cv_env_LIBS_value=
ac_cv_env_PCIACCESS_CFLAGS_set=
ac_cv_env_PCIACCESS_CFLAGS_value=
ac_cv_env_PCIACCESS_LIBS_set=
ac_cv_env_PCIACCESS_LIBS_value=
ac_cv_env_PKG_CONFIG_set=
ac_cv_env_PKG_CONFIG_value=
ac_cv_env_XORG_CFLAGS_set=
ac_cv_env_XORG_CFLAGS_value=
ac_cv_env_XORG_LIBS_set=
ac_cv_env_XORG_LIBS_value=
ac_cv_env_build_alias_set=set
ac_cv_env_build_alias_value=mipsel-linux-gnu
ac_cv_env_host_alias_set=
ac_cv_env_host_alias_value=
ac_cv_env_target_alias_set=
ac_cv_env_target_alias_value=
ac_cv_f77_compiler_gnu=no
ac_cv_have_decl_XSERVER_LIBPCIACCESS=no
ac_cv_header_dlfcn_h=yes
ac_cv_header_inttypes_h=yes
ac_cv_header_memory_h=yes
ac_cv_header_stdc=yes
ac_cv_header_stdint_h=yes
ac_cv_header_stdlib_h=yes
ac_cv_header_string_h=yes
ac_cv_header_strings_h=yes
ac_cv_header_sys_stat_h=yes
ac_cv_header_sys_types_h=yes
ac_cv_header_unistd_h=yes
ac_cv_host=mipsel-unknown-linux-gnu
ac_cv_objext=o
ac_cv_path_EGREP='/bin/grep -E'
ac_cv_path_GREP=/bin/grep
ac_cv_path_ac_pt_PKG_CONFIG=/usr/bin/pkg-config
ac_cv_path_install='/usr/bin/install -c'
ac_cv_path_mkdir=/bin/mkdir
ac_cv_prog_AWK=gawk
ac_cv_prog_CPP='gcc -E'
ac_cv_prog_CXXCPP='g++ -E'
ac_cv_prog_ac_ct_AR=ar
ac_cv_prog_ac_ct_CC=gcc
ac_cv_prog_ac_ct_CXX=g++
ac_cv_prog_ac_ct_RANLIB=ranlib
ac_cv_prog_ac_ct_STRIP=strip
ac_cv_prog_cc_c89=
ac_cv_prog_cc_g=yes
ac_cv_prog_cxx_g=yes
ac_cv_prog_f77_g=no
ac_cv_prog_make_make_set=yes
am_cv_CC_dependencies_compiler_type=gcc3
am_cv_CXX_dependencies_compiler_type=gcc3
lt_cv_deplibs_check_method=pass_all
lt_cv_file_magic_cmd='$MAGIC_CMD'
lt_cv_file_magic_test_file=
lt_cv_ld_reload_flag=-r
lt_cv_objdir=.libs
lt_cv_path_LD=/usr/bin/ld
lt_cv_path_LDCXX=/usr/bin/ld
lt_cv_path_NM='/usr/bin/nm -B'
lt_cv_path_SED=/bin/sed
lt_cv_prog_compiler_c_o=yes
lt_cv_prog_compiler_c_o_CXX=yes
lt_cv_prog_compiler_pic_works=yes
lt_cv_prog_compiler_pic_works_CXX=yes
lt_cv_prog_compiler_rtti_exceptions=no
lt_cv_prog_compiler_static_works=yes
lt_cv_prog_compiler_static_works_CXX=yes
lt_cv_prog_gnu_ld=yes
lt_cv_prog_gnu_ldcxx=yes
lt_cv_sys_global_symbol_pipe='sed -n -e '\''s/^.*[ 	]\([ABCDGIRSTW][ABCDGIRSTW]*\)[ 	][ 	]*\([_A-Za-z][_A-Za-z0-9]*\)$/\1 \2 \2/p'\'''
lt_cv_sys_global_symbol_to_c_name_address='sed -n -e '\''s/^: \([^ ]*\) $/  {\"\1\", (lt_ptr) 0},/p'\'' -e '\''s/^[BCDEGRST] \([^ ]*\) \([^ ]*\)$/  {"\2", (lt_ptr) \&\2},/p'\'''
lt_cv_sys_global_symbol_to_cdecl='sed -n -e '\''s/^. .* \(.*\)$/extern int \1;/p'\'''
lt_cv_sys_lib_dlsearch_path_spec='/lib /usr/lib /usr/local/lib /lib/mipsel-linux-gnu /usr/lib/mipsel-linux-gnu '
lt_cv_sys_lib_search_path_spec='/usr/lib/gcc/mipsel-linux-gnu/4.3.2 /usr/lib /lib'
lt_cv_sys_max_cmd_len=402653181
lt_lt_cv_prog_compiler_c_o='"yes"'
lt_lt_cv_prog_compiler_c_o_CXX='"yes"'
lt_lt_cv_sys_global_symbol_pipe='"sed -n -e '\''s/^.*[ 	]\\([ABCDGIRSTW][ABCDGIRSTW]*\\)[ 	][ 	]*\\([_A-Za-z][_A-Za-z0-9]*\\)\$/\\1 \\2 \\2/p'\''"'
lt_lt_cv_sys_global_symbol_to_c_name_address='"sed -n -e '\''s/^: \\([^ ]*\\) \$/  {\\\"\\1\\\", (lt_ptr) 0},/p'\'' -e '\''s/^[BCDEGRST] \\([^ ]*\\) \\([^ ]*\\)\$/  {\"\\2\", (lt_ptr) \\&\\2},/p'\''"'
lt_lt_cv_sys_global_symbol_to_cdecl='"sed -n -e '\''s/^. .* \\(.*\\)\$/extern int \\1;/p'\''"'
pkg_cv_XORG_CFLAGS='-I/usr/include/xorg -I/usr/include/pixman-1  '
pkg_cv_XORG_LIBS=' '

## ----------------- ##
## Output variables. ##
## ----------------- ##

ACLOCAL='${SHELL} /home/teddy/xserver-xorg-video-siliconmotion-2.2.18/missing --run aclocal-1.10'
ADMIN_MAN_DIR='$(mandir)/man$(ADMIN_MAN_SUFFIX)'
ADMIN_MAN_SUFFIX='8'
AMDEPBACKSLASH='\'
AMDEP_FALSE='#'
AMDEP_TRUE=''
AMTAR='${SHELL} /home/teddy/xserver-xorg-video-siliconmotion-2.2.18/missing --run tar'
APP_MAN_DIR='$(mandir)/man$(APP_MAN_SUFFIX)'
APP_MAN_SUFFIX='1'
AR='ar'
AUTOCONF='${SHELL} /home/teddy/xserver-xorg-video-siliconmotion-2.2.18/missing --run autoconf'
AUTOHEADER='${SHELL} /home/teddy/xserver-xorg-video-siliconmotion-2.2.18/missing --run autoheader'
AUTOMAKE='${SHELL} /home/teddy/xserver-xorg-video-siliconmotion-2.2.18/missing --run automake-1.10'
AWK='gawk'
CC='gcc'
CCDEPMODE='depmode=gcc3'
CFLAGS='-Wall -g -O2'
CPP='gcc -E'
CPPFLAGS=''
CXX='g++'
CXXCPP='g++ -E'
CXXDEPMODE='depmode=gcc3'
CXXFLAGS='-g -O2'
CYGPATH_W='echo'
DEFS='-DHAVE_CONFIG_H'
DEPDIR='.deps'
DRIVER_MAN_DIR='$(mandir)/man$(DRIVER_MAN_SUFFIX)'
DRIVER_MAN_SUFFIX='4'
DRIVER_NAME='siliconmotion'
DSYMUTIL=''
ECHO='echo'
ECHO_C=''
ECHO_N='-n'
ECHO_T=''
EGREP='/bin/grep -E'
EXEEXT=''
F77=''
FFLAGS='-g -O2'
FILE_MAN_DIR='$(mandir)/man$(FILE_MAN_SUFFIX)'
FILE_MAN_SUFFIX='5'
GREP='/bin/grep'
INSTALL_DATA='${INSTALL} -m 644'
INSTALL_PROGRAM='${INSTALL}'
INSTALL_SCRIPT='${INSTALL}'
INSTALL_STRIP_PROGRAM='$(install_sh) -c -s'
LDFLAGS=''
LIBOBJS=''
LIBS=''
LIBTOOL='$(SHELL) $(top_builddir)/libtool'
LIB_MAN_DIR='$(mandir)/man$(LIB_MAN_SUFFIX)'
LIB_MAN_SUFFIX='3'
LN_S='ln -s'
LTLIBOBJS=''
MAINT='#'
MAINTAINER_MODE_FALSE=''
MAINTAINER_MODE_TRUE='#'
MAKEINFO='${SHELL} /home/teddy/xserver-xorg-video-siliconmotion-2.2.18/missing --run makeinfo'
MISC_MAN_DIR='$(mandir)/man$(MISC_MAN_SUFFIX)'
MISC_MAN_SUFFIX='7'
NMEDIT=''
OBJEXT='o'
PACKAGE='xf86-video-siliconmotion'
PACKAGE_BUGREPORT='https://bugs.freedesktop.org/enter_bug.cgi?product=xorg'
PACKAGE_NAME='xf86-video-siliconmotion'
PACKAGE_STRING='xf86-video-siliconmotion 1.6.0'
PACKAGE_TARNAME='xf86-video-siliconmotion'
PACKAGE_VERSION='1.6.0'
PATH_SEPARATOR=':'
PCIACCESS_CFLAGS=''
PCIACCESS_LIBS=''
PKG_CONFIG='/usr/bin/pkg-config'
RANLIB='ranlib'
SED='/bin/sed'
SET_MAKE=''
SHELL='/bin/sh'
STRIP='strip'
VERSION='1.6.0'
XORG_CFLAGS='-I/usr/include/xorg -I/usr/include/pixman-1  '
XORG_LIBS=' '
XSERVER_LIBPCIACCESS_FALSE=''
XSERVER_LIBPCIACCESS_TRUE='#'
ac_ct_CC='gcc'
ac_ct_CXX='g++'
ac_ct_F77=''
am__fastdepCC_FALSE='#'
am__fastdepCC_TRUE=''
am__fastdepCXX_FALSE='#'
am__fastdepCXX_TRUE=''
am__include='include'
am__isrc=' -I$(srcdir)'
am__leading_dot='.'
am__quote=''
am__tar='${AMTAR} chof - "$$tardir"'
am__untar='${AMTAR} xf -'
bindir='${exec_prefix}/bin'
build='mipsel-unknown-linux-gnu'
build_alias='mipsel-linux-gnu'
build_cpu='mipsel'
build_os='linux-gnu'
build_vendor='unknown'
datadir='${datarootdir}'
datarootdir='${prefix}/share'
docdir='${datarootdir}/doc/${PACKAGE_TARNAME}'
dvidir='${docdir}'
exec_prefix='${prefix}'
host='mipsel-unknown-linux-gnu'
host_alias=''
host_cpu='mipsel'
host_os='linux-gnu'
host_vendor='unknown'
htmldir='${docdir}'
includedir='${prefix}/include'
infodir='${prefix}/share/info'
install_sh='$(SHELL) /home/teddy/xserver-xorg-video-siliconmotion-2.2.18/install-sh'
libdir='${exec_prefix}/lib'
libexecdir='${exec_prefix}/libexec'
localedir='${datarootdir}/locale'
localstatedir='${prefix}/var'
mandir='${prefix}/share/man'
mkdir_p='/bin/mkdir -p'
moduledir='${exec_prefix}/lib/xorg/modules'
oldincludedir='/usr/include'
pdfdir='${docdir}'
prefix='/usr'
program_transform_name='s,x,x,'
psdir='${docdir}'
sbindir='${exec_prefix}/sbin'
sharedstatedir='${prefix}/com'
sysconfdir='${prefix}/etc'
target_alias=''

## ----------- ##
## confdefs.h. ##
## ----------- ##

#define PACKAGE_NAME "xf86-video-siliconmotion"
#define PACKAGE_TARNAME "xf86-video-siliconmotion"
#define PACKAGE_VERSION "1.6.0"
#define PACKAGE_STRING "xf86-video-siliconmotion 1.6.0"
#define PACKAGE_BUGREPORT "https://bugs.freedesktop.org/enter_bug.cgi?product=xorg"
#define PACKAGE "xf86-video-siliconmotion"
#define VERSION "1.6.0"
#define STDC_HEADERS 1
#define HAVE_SYS_TYPES_H 1
#define HAVE_SYS_STAT_H 1
#define HAVE_STDLIB_H 1
#define HAVE_STRING_H 1
#define HAVE_MEMORY_H 1
#define HAVE_STRINGS_H 1
#define HAVE_INTTYPES_H 1
#define HAVE_STDINT_H 1
#define HAVE_UNISTD_H 1
#define HAVE_DLFCN_H 1
#define STDC_HEADERS 1
#define PACKAGE_VERSION_MAJOR 1
#define PACKAGE_VERSION_MINOR 6
#define PACKAGE_VERSION_PATCHLEVEL 0

configure: exit 0
